<?xml version="1.0" encoding="UTF-8"?>
<!-- Generated by org.testng.reporters.JUnitXMLReporter -->
<testsuite hostname="Giridhars-MBP" ignored="0" name="Test1" tests="5" failures="1" timestamp="01 May 2020 18:20:13 GMT" time="12.244" errors="0">
  <testcase name="launchApp" time="7.921" classname="com.tests.SwagLabsTests"/>
  <testcase name="sort" time="3.89" classname="com.tests.SwagLabsTests"/>
  <testcase name="selectAProduct" time="0.004" classname="com.tests.SwagLabsTests">
    <failure type="java.lang.AssertionError" message="expected [Sauce Labs Backpack] but found [Sauce Lbs Backpack]">
      <![CDATA[java.lang.AssertionError: expected [Sauce Labs Backpack] but found [Sauce Lbs Backpack]
at com.tests.SwagLabsTests.selectAProduct(SwagLabsTests.java:35)
... Removed 31 stack frames]]>
    </failure>
  </testcase> <!-- selectAProduct -->
  <testcase name="goToAboutPage" time="0.0" classname="com.tests.SwagLabsTests">
    <skipped/>
  </testcase> <!-- goToAboutPage -->
  <testcase name="logout" time="0.0" classname="com.tests.SwagLabsTests">
    <skipped/>
  </testcase> <!-- logout -->
</testsuite> <!-- Test1 -->
